<?xml version="1.0" encoding="UTF-8"?>
<testng-results ignored="0" total="1" passed="1" failed="0" skipped="0">
  <reporter-output>
  </reporter-output>
  <suite started-at="2024-03-08T13:05:06 BRT" name="Default suite" finished-at="2024-03-08T13:05:23 BRT" duration-ms="17596">
    <groups>
    </groups>
    <test started-at="2024-03-08T13:05:06 BRT" name="Default test" finished-at="2024-03-08T13:05:23 BRT" duration-ms="17596">
      <class name="appiumcourse.MisceallanousAppiumActions">
        <test-method is-config="true" signature="ConfigureAppium()[pri:0, instance:appiumcourse.MisceallanousAppiumActions@1aafa419]" started-at="2024-03-08T13:05:06 BRT" name="ConfigureAppium" finished-at="2024-03-08T13:05:15 BRT" duration-ms="9392" status="PASS">
          <reporter-output>
          </reporter-output>
        </test-method> <!-- ConfigureAppium -->
        <test-method signature="Misceallanous()[pri:0, instance:appiumcourse.MisceallanousAppiumActions@1aafa419]" started-at="2024-03-08T13:05:15 BRT" name="Misceallanous" finished-at="2024-03-08T13:05:23 BRT" duration-ms="7534" status="PASS">
          <reporter-output>
          </reporter-output>
        </test-method> <!-- Misceallanous -->
        <test-method is-config="true" signature="TearDown()[pri:0, instance:appiumcourse.MisceallanousAppiumActions@1aafa419]" started-at="2024-03-08T13:05:23 BRT" name="TearDown" finished-at="2024-03-08T13:05:23 BRT" duration-ms="630" status="PASS">
          <reporter-output>
          </reporter-output>
        </test-method> <!-- TearDown -->
      </class> <!-- appiumcourse.MisceallanousAppiumActions -->
    </test> <!-- Default test -->
  </suite> <!-- Default suite -->
</testng-results>
