<?xml version="1.0" encoding="UTF-8"?>
<testng-results ignored="0" total="1" passed="1" failed="0" skipped="0">
  <reporter-output>
  </reporter-output>
  <suite started-at="2024-02-16T21:49:04 BRT" name="Default suite" finished-at="2024-02-16T21:49:11 BRT" duration-ms="7719">
    <groups>
    </groups>
    <test started-at="2024-02-16T21:49:04 BRT" name="Default test" finished-at="2024-02-16T21:49:11 BRT" duration-ms="7719">
      <class name="appiumcourse.AppiumBasics">
        <test-method is-config="true" signature="ConfigureAppium()[pri:0, instance:appiumcourse.AppiumBasics@6f1de4c7]" started-at="2024-02-16T21:49:04 BRT" name="ConfigureAppium" finished-at="2024-02-16T21:49:10 BRT" duration-ms="6030" status="PASS">
          <reporter-output>
          </reporter-output>
        </test-method> <!-- ConfigureAppium -->
        <test-method signature="WifiSettingsName()[pri:0, instance:appiumcourse.AppiumBasics@6f1de4c7]" started-at="2024-02-16T21:49:10 BRT" name="WifiSettingsName" finished-at="2024-02-16T21:49:11 BRT" duration-ms="1363" status="PASS">
          <reporter-output>
          </reporter-output>
        </test-method> <!-- WifiSettingsName -->
        <test-method is-config="true" signature="TearDown()[pri:0, instance:appiumcourse.AppiumBasics@6f1de4c7]" started-at="2024-02-16T21:49:11 BRT" name="TearDown" finished-at="2024-02-16T21:49:11 BRT" duration-ms="294" status="PASS">
          <reporter-output>
          </reporter-output>
        </test-method> <!-- TearDown -->
      </class> <!-- appiumcourse.AppiumBasics -->
    </test> <!-- Default test -->
  </suite> <!-- Default suite -->
</testng-results>
